<?xml version="1.0" encoding="UTF-8"?>
<!-- Generated by org.testng.reporters.JUnitXMLReporter -->
<testsuite ignored="0" hostname="LAPTOP-BF9MIV2J" failures="0" tests="15" name="Test" time="6.999" errors="0" timestamp="2023-04-09T07:50:02 IST">
  <testcase classname="TestLayer.LoginPageTest" name="@BeforeTest setUp" time="6.873">
    <failure type="org.openqa.selenium.remote.http.ConnectionFailedException" message="Unable to establish websocket connection to http://localhost:50898/devtools/browser/780d0c0f-7a72-4522-b03f-e09ef97e7fdd
Build info: version: &amp;apos;4.2.2&amp;apos;, revision: &amp;apos;683ccb65d6&amp;apos;
System info: host: &amp;apos;LAPTOP-BF9MIV2J&amp;apos;, ip: &amp;apos;192.168.43.121&amp;apos;, os.name: &amp;apos;Windows 11&amp;apos;, os.arch: &amp;apos;amd64&amp;apos;, os.version: &amp;apos;10.0&amp;apos;, java.version: &amp;apos;17.0.4.1&amp;apos;
Driver info: driver.version: ChromeDriver">
      <![CDATA[org.openqa.selenium.remote.http.ConnectionFailedException: Unable to establish websocket connection to http://localhost:50898/devtools/browser/780d0c0f-7a72-4522-b03f-e09ef97e7fdd
Build info: version: '4.2.2', revision: '683ccb65d6'
System info: host: 'LAPTOP-BF9MIV2J', ip: '192.168.43.121', os.name: 'Windows 11', os.arch: 'amd64', os.version: '10.0', java.version: '17.0.4.1'
Driver info: driver.version: ChromeDriver
at org.openqa.selenium.remote.http.netty.NettyWebSocket.<init>(NettyWebSocket.java:102)
at org.openqa.selenium.remote.http.netty.NettyWebSocket.lambda$create$3(NettyWebSocket.java:128)
at org.openqa.selenium.remote.http.netty.NettyClient.openSocket(NettyClient.java:106)
at org.openqa.selenium.devtools.Connection.<init>(Connection.java:77)
at org.openqa.selenium.chromium.ChromiumDriver.lambda$new$2(ChromiumDriver.java:122)
at java.base/java.util.Optional.map(Optional.java:260)
at org.openqa.selenium.chromium.ChromiumDriver.<init>(ChromiumDriver.java:120)
at org.openqa.selenium.chrome.ChromeDriver.<init>(ChromeDriver.java:106)
at org.openqa.selenium.chrome.ChromeDriver.<init>(ChromeDriver.java:93)
at org.openqa.selenium.chrome.ChromeDriver.<init>(ChromeDriver.java:48)
at BaseLayer.Baseclass.initialization(Baseclass.java:31)
at TestLayer.LoginPageTest.setUp(LoginPageTest.java:16)
... Removed 24 stack frames]]>
    </failure>
  </testcase> <!-- @BeforeTest setUp -->
  <testcase classname="TestLayer.LoginPageTest" name="logincredentials" time="0.0">
    <skipped/>
  </testcase> <!-- logincredentials -->
  <testcase classname="TestLayer.HomePageTest" name="validateTitle" time="0.0">
    <skipped/>
  </testcase> <!-- validateTitle -->
  <testcase classname="TestLayer.HomePageTest" name="validateCurrenturl" time="0.0">
    <skipped/>
  </testcase> <!-- validateCurrenturl -->
  <testcase classname="TestLayer.PimPageTest" name="validateAddEmployee" time="0.0">
    <skipped/>
  </testcase> <!-- validateAddEmployee -->
  <testcase classname="TestLayer.PimPageTest" name="validateEmployeeList" time="0.0">
    <skipped/>
  </testcase> <!-- validateEmployeeList -->
  <testcase classname="TestLayer.PimPageTest" name="validateReports" time="0.0">
    <skipped/>
  </testcase> <!-- validateReports -->
  <testcase classname="TestLayer.AdminPageTest" name="validateAdminPage" time="0.0">
    <skipped/>
  </testcase> <!-- validateAdminPage -->
  <testcase classname="TestLayer.AdminPageTest" name="validateJobPage" time="0.0">
    <skipped/>
  </testcase> <!-- validateJobPage -->
  <testcase classname="TestLayer.AdminPageTest" name="validateClickOnOrganization" time="0.0">
    <skipped/>
  </testcase> <!-- validateClickOnOrganization -->
  <testcase classname="TestLayer.AdminPageTest" name="validateGeneralInfo" time="0.0">
    <skipped/>
  </testcase> <!-- validateGeneralInfo -->
  <testcase classname="TestLayer.LeavePageTest" name="validateClickOnLeavePage" time="0.0">
    <skipped/>
  </testcase> <!-- validateClickOnLeavePage -->
  <testcase classname="TestLayer.LeavePageTest" name="validateApplyLeave" time="0.0">
    <skipped/>
  </testcase> <!-- validateApplyLeave -->
  <testcase classname="TestLayer.TimePageTest" name="validateClickOnTime" time="0.0">
    <skipped/>
  </testcase> <!-- validateClickOnTime -->
  <testcase classname="TestLayer.RecruitementPageTest" name="validateRecruitmentpage" time="0.0">
    <skipped/>
  </testcase> <!-- validateRecruitmentpage -->
  <testcase classname="TestLayer.RecruitementPageTest" name="validateCandidates" time="0.0">
    <skipped/>
  </testcase> <!-- validateCandidates -->
</testsuite> <!-- Test -->
