<!DOCTYPE html PUBLIC "-//W3C//DTD XHTML 1.1//EN" "https://www.w3.org/TR/xhtml11/DTD/xhtml11.dtd">
<html xmlns="https://www.w3.org/1999/xhtml">
<head>
<meta http-equiv="content-type" content="text/html; charset=UTF-8"/>
<title>TestNG Report</title>
<style type="text/css">table {margin-bottom:10px;border-collapse:collapse;empty-cells:show}th,td {border:1px solid #009;padding:.25em .5em}th {vertical-align:bottom}td {vertical-align:top}table a {font-weight:bold}.stripe td {background-color: #E6EBF9}.num {text-align:right}.passedodd td {background-color: #3F3}.passedeven td {background-color: #0A0}.skippedodd td {background-color: #DDD}.skippedeven td {background-color: #CCC}.failedodd td,.attn {background-color: #F33}.failedeven td,.stripe .attn {background-color: #D00}.stacktrace {white-space:pre;font-family:monospace}.totop {font-size:85%;text-align:center;border-bottom:2px solid #000}.invisible {display:none}</style>
</head>
<body>
<table>
<tr><th>Test</th><th># Passed</th><th># Skipped</th><th># Retried</th><th># Failed</th><th>Time (ms)</th><th>Included Groups</th><th>Excluded Groups</th></tr>
<tr><th colspan="8">Suite</th></tr>
<tr><td><a href="#t0">Test</a></td><td class="num">0</td><td class="num attn">15</td><td class="num">0</td><td class="num">0</td><td class="num">6,999</td><td></td><td></td></tr>
</table>
<table id='summary'><thead><tr><th>Class</th><th>Method</th><th>Start</th><th>Time (ms)</th></tr></thead><tbody><tr><th colspan="4">Suite</th></tr></tbody><tbody id="t0"><tr><th colspan="4">Test &#8212; failed (configuration methods)</th></tr><tr class="failedeven"><td rowspan="1">TestLayer.LoginPageTest</td><td><a href="#m0">setUp</a></td><td rowspan="1">1681006795959</td><td rowspan="1">6873</td></tr><tr><th colspan="4">Test &#8212; skipped</th></tr><tr class="skippedeven"><td rowspan="4">TestLayer.AdminPageTest</td><td><a href="#m1">validateAdminPage</a></td><td rowspan="1">1681006802917</td><td rowspan="1">0</td></tr><tr class="skippedeven"><td><a href="#m2">validateClickOnOrganization</a></td><td rowspan="1">1681006802926</td><td rowspan="1">0</td></tr><tr class="skippedeven"><td><a href="#m3">validateGeneralInfo</a></td><td rowspan="1">1681006802930</td><td rowspan="1">0</td></tr><tr class="skippedeven"><td><a href="#m4">validateJobPage</a></td><td rowspan="1">1681006802922</td><td rowspan="1">0</td></tr><tr class="skippedodd"><td rowspan="2">TestLayer.HomePageTest</td><td><a href="#m5">validateCurrenturl</a></td><td rowspan="1">1681006802903</td><td rowspan="1">0</td></tr><tr class="skippedodd"><td><a href="#m6">validateTitle</a></td><td rowspan="1">1681006802899</td><td rowspan="1">0</td></tr><tr class="skippedeven"><td rowspan="2">TestLayer.LeavePageTest</td><td><a href="#m7">validateApplyLeave</a></td><td rowspan="1">1681006802937</td><td rowspan="1">0</td></tr><tr class="skippedeven"><td><a href="#m8">validateClickOnLeavePage</a></td><td rowspan="1">1681006802933</td><td rowspan="1">0</td></tr><tr class="skippedodd"><td rowspan="1">TestLayer.LoginPageTest</td><td><a href="#m9">logincredentials</a></td><td rowspan="1">1681006802889</td><td rowspan="1">0</td></tr><tr class="skippedeven"><td rowspan="3">TestLayer.PimPageTest</td><td><a href="#m10">validateAddEmployee</a></td><td rowspan="1">1681006802908</td><td rowspan="1">0</td></tr><tr class="skippedeven"><td><a href="#m11">validateEmployeeList</a></td><td rowspan="1">1681006802911</td><td rowspan="1">0</td></tr><tr class="skippedeven"><td><a href="#m12">validateReports</a></td><td rowspan="1">1681006802914</td><td rowspan="1">0</td></tr><tr class="skippedodd"><td rowspan="2">TestLayer.RecruitementPageTest</td><td><a href="#m13">validateCandidates</a></td><td rowspan="1">1681006802948</td><td rowspan="1">0</td></tr><tr class="skippedodd"><td><a href="#m14">validateRecruitmentpage</a></td><td rowspan="1">1681006802944</td><td rowspan="1">0</td></tr><tr class="skippedeven"><td rowspan="1">TestLayer.TimePageTest</td><td><a href="#m15">validateClickOnTime</a></td><td rowspan="1">1681006802941</td><td rowspan="1">0</td></tr></tbody>
</table>
<h2>Test</h2><h3 id="m0">TestLayer.LoginPageTest#setUp</h3><table class="result"><tr><th>Exception</th></tr><tr><td><div class="stacktrace">org.openqa.selenium.remote.http.ConnectionFailedException: Unable to establish websocket connection to http://localhost:50898/devtools/browser/780d0c0f-7a72-4522-b03f-e09ef97e7fdd
Build info: version: &apos;4.2.2&apos;, revision: &apos;683ccb65d6&apos;
System info: host: &apos;LAPTOP-BF9MIV2J&apos;, ip: &apos;192.168.43.121&apos;, os.name: &apos;Windows 11&apos;, os.arch: &apos;amd64&apos;, os.version: &apos;10.0&apos;, java.version: &apos;17.0.4.1&apos;
Driver info: driver.version: ChromeDriver
	at org.openqa.selenium.remote.http.netty.NettyWebSocket.&lt;init&gt;(NettyWebSocket.java:102)
	at org.openqa.selenium.remote.http.netty.NettyWebSocket.lambda$create$3(NettyWebSocket.java:128)
	at org.openqa.selenium.remote.http.netty.NettyClient.openSocket(NettyClient.java:106)
	at org.openqa.selenium.devtools.Connection.&lt;init&gt;(Connection.java:77)
	at org.openqa.selenium.chromium.ChromiumDriver.lambda$new$2(ChromiumDriver.java:122)
	at java.base/java.util.Optional.map(Optional.java:260)
	at org.openqa.selenium.chromium.ChromiumDriver.&lt;init&gt;(ChromiumDriver.java:120)
	at org.openqa.selenium.chrome.ChromeDriver.&lt;init&gt;(ChromeDriver.java:106)
	at org.openqa.selenium.chrome.ChromeDriver.&lt;init&gt;(ChromeDriver.java:93)
	at org.openqa.selenium.chrome.ChromeDriver.&lt;init&gt;(ChromeDriver.java:48)
	at BaseLayer.Baseclass.initialization(Baseclass.java:31)
	at TestLayer.LoginPageTest.setUp(LoginPageTest.java:16)
... Removed 24 stack frames</div></td></tr></table><p class="totop"><a href="#summary">back to summary</a></p>
<h3 id="m1">TestLayer.AdminPageTest#validateAdminPage</h3><table class="result"><tr><th>Exception</th></tr><tr><td><div class="stacktrace">java.lang.Throwable: Method AdminPageTest.validateAdminPage()[pri:1, instance:TestLayer.AdminPageTest@7db12bb6] depends on not successfully finished methods in group &quot;PimPage&quot;
	at java.base/java.util.ArrayList.forEach(ArrayList.java:1511)
... Removed 18 stack frames</div></td></tr></table><p class="totop"><a href="#summary">back to summary</a></p>
<h3 id="m2">TestLayer.AdminPageTest#validateClickOnOrganization</h3><table class="result"><tr><th>Exception</th></tr><tr><td><div class="stacktrace">java.lang.Throwable: Method AdminPageTest.validateClickOnOrganization()[pri:3, instance:TestLayer.AdminPageTest@7db12bb6] depends on not successfully finished methods in group &quot;PimPage&quot;
	at java.base/java.util.ArrayList.forEach(ArrayList.java:1511)
... Removed 18 stack frames</div></td></tr></table><p class="totop"><a href="#summary">back to summary</a></p>
<h3 id="m3">TestLayer.AdminPageTest#validateGeneralInfo</h3><table class="result"><tr><th>Exception</th></tr><tr><td><div class="stacktrace">java.lang.Throwable: Method AdminPageTest.validateGeneralInfo()[pri:4, instance:TestLayer.AdminPageTest@7db12bb6] depends on not successfully finished methods in group &quot;PimPage&quot;
	at java.base/java.util.ArrayList.forEach(ArrayList.java:1511)
... Removed 18 stack frames</div></td></tr></table><p class="totop"><a href="#summary">back to summary</a></p>
<h3 id="m4">TestLayer.AdminPageTest#validateJobPage</h3><table class="result"><tr><th>Exception</th></tr><tr><td><div class="stacktrace">java.lang.Throwable: Method AdminPageTest.validateJobPage()[pri:2, instance:TestLayer.AdminPageTest@7db12bb6] depends on not successfully finished methods in group &quot;PimPage&quot;
	at java.base/java.util.ArrayList.forEach(ArrayList.java:1511)
... Removed 18 stack frames</div></td></tr></table><p class="totop"><a href="#summary">back to summary</a></p>
<h3 id="m5">TestLayer.HomePageTest#validateCurrenturl</h3><table class="result"><tr><th>Exception</th></tr><tr><td><div class="stacktrace">java.lang.Throwable: Method HomePageTest.validateCurrenturl()[pri:2, instance:TestLayer.HomePageTest@273e7444] depends on not successfully finished methods in group &quot;Login&quot;
	at java.base/java.util.ArrayList.forEach(ArrayList.java:1511)
... Removed 18 stack frames</div></td></tr></table><p class="totop"><a href="#summary">back to summary</a></p>
<h3 id="m6">TestLayer.HomePageTest#validateTitle</h3><table class="result"><tr><th>Exception</th></tr><tr><td><div class="stacktrace">java.lang.Throwable: Method HomePageTest.validateTitle()[pri:1, instance:TestLayer.HomePageTest@273e7444] depends on not successfully finished methods in group &quot;Login&quot;
	at java.base/java.util.ArrayList.forEach(ArrayList.java:1511)
... Removed 18 stack frames</div></td></tr></table><p class="totop"><a href="#summary">back to summary</a></p>
<h3 id="m7">TestLayer.LeavePageTest#validateApplyLeave</h3><table class="result"><tr><th>Exception</th></tr><tr><td><div class="stacktrace">java.lang.Throwable: Method LeavePageTest.validateApplyLeave()[pri:2, instance:TestLayer.LeavePageTest@783a467b] depends on not successfully finished methods in group &quot;Admin&quot;
	at java.base/java.util.ArrayList.forEach(ArrayList.java:1511)
... Removed 18 stack frames</div></td></tr></table><p class="totop"><a href="#summary">back to summary</a></p>
<h3 id="m8">TestLayer.LeavePageTest#validateClickOnLeavePage</h3><table class="result"><tr><th>Exception</th></tr><tr><td><div class="stacktrace">java.lang.Throwable: Method LeavePageTest.validateClickOnLeavePage()[pri:1, instance:TestLayer.LeavePageTest@783a467b] depends on not successfully finished methods in group &quot;Admin&quot;
	at java.base/java.util.ArrayList.forEach(ArrayList.java:1511)
... Removed 18 stack frames</div></td></tr></table><p class="totop"><a href="#summary">back to summary</a></p>
<h3 id="m9">TestLayer.LoginPageTest#logincredentials</h3><table class="result"><tr><th>Exception</th></tr><tr><td><div class="stacktrace">org.openqa.selenium.remote.http.ConnectionFailedException: Unable to establish websocket connection to http://localhost:50898/devtools/browser/780d0c0f-7a72-4522-b03f-e09ef97e7fdd
Build info: version: &apos;4.2.2&apos;, revision: &apos;683ccb65d6&apos;
System info: host: &apos;LAPTOP-BF9MIV2J&apos;, ip: &apos;192.168.43.121&apos;, os.name: &apos;Windows 11&apos;, os.arch: &apos;amd64&apos;, os.version: &apos;10.0&apos;, java.version: &apos;17.0.4.1&apos;
Driver info: driver.version: ChromeDriver
	at org.openqa.selenium.remote.http.netty.NettyWebSocket.&lt;init&gt;(NettyWebSocket.java:102)
	at org.openqa.selenium.remote.http.netty.NettyWebSocket.lambda$create$3(NettyWebSocket.java:128)
	at org.openqa.selenium.remote.http.netty.NettyClient.openSocket(NettyClient.java:106)
	at org.openqa.selenium.devtools.Connection.&lt;init&gt;(Connection.java:77)
	at org.openqa.selenium.chromium.ChromiumDriver.lambda$new$2(ChromiumDriver.java:122)
	at java.base/java.util.Optional.map(Optional.java:260)
	at org.openqa.selenium.chromium.ChromiumDriver.&lt;init&gt;(ChromiumDriver.java:120)
	at org.openqa.selenium.chrome.ChromeDriver.&lt;init&gt;(ChromeDriver.java:106)
	at org.openqa.selenium.chrome.ChromeDriver.&lt;init&gt;(ChromeDriver.java:93)
	at org.openqa.selenium.chrome.ChromeDriver.&lt;init&gt;(ChromeDriver.java:48)
	at BaseLayer.Baseclass.initialization(Baseclass.java:31)
	at TestLayer.LoginPageTest.setUp(LoginPageTest.java:16)
... Removed 24 stack frames</div></td></tr></table><p class="totop"><a href="#summary">back to summary</a></p>
<h3 id="m10">TestLayer.PimPageTest#validateAddEmployee</h3><table class="result"><tr><th>Exception</th></tr><tr><td><div class="stacktrace">java.lang.Throwable: Method PimPageTest.validateAddEmployee()[pri:1, instance:TestLayer.PimPageTest@b9b00e0] depends on not successfully finished methods in group &quot;Home&quot;
	at java.base/java.util.ArrayList.forEach(ArrayList.java:1511)
... Removed 18 stack frames</div></td></tr></table><p class="totop"><a href="#summary">back to summary</a></p>
<h3 id="m11">TestLayer.PimPageTest#validateEmployeeList</h3><table class="result"><tr><th>Exception</th></tr><tr><td><div class="stacktrace">java.lang.Throwable: Method PimPageTest.validateEmployeeList()[pri:2, instance:TestLayer.PimPageTest@b9b00e0] depends on not successfully finished methods in group &quot;Home&quot;
	at java.base/java.util.ArrayList.forEach(ArrayList.java:1511)
... Removed 18 stack frames</div></td></tr></table><p class="totop"><a href="#summary">back to summary</a></p>
<h3 id="m12">TestLayer.PimPageTest#validateReports</h3><table class="result"><tr><th>Exception</th></tr><tr><td><div class="stacktrace">java.lang.Throwable: Method PimPageTest.validateReports()[pri:3, instance:TestLayer.PimPageTest@b9b00e0] depends on not successfully finished methods in group &quot;Home&quot;
	at java.base/java.util.ArrayList.forEach(ArrayList.java:1511)
... Removed 18 stack frames</div></td></tr></table><p class="totop"><a href="#summary">back to summary</a></p>
<h3 id="m13">TestLayer.RecruitementPageTest#validateCandidates</h3><table class="result"><tr><th>Exception</th></tr><tr><td><div class="stacktrace">java.lang.Throwable: Method RecruitementPageTest.validateCandidates(java.lang.String)[pri:2, instance:TestLayer.RecruitementPageTest@72e5a8e] depends on not successfully finished methods in group &quot;Leave&quot;
	at java.base/java.util.ArrayList.forEach(ArrayList.java:1511)
... Removed 18 stack frames</div></td></tr></table><p class="totop"><a href="#summary">back to summary</a></p>
<h3 id="m14">TestLayer.RecruitementPageTest#validateRecruitmentpage</h3><table class="result"><tr><th>Exception</th></tr><tr><td><div class="stacktrace">java.lang.Throwable: Method RecruitementPageTest.validateRecruitmentpage()[pri:1, instance:TestLayer.RecruitementPageTest@72e5a8e] depends on not successfully finished methods in group &quot;Leave&quot;
	at java.base/java.util.ArrayList.forEach(ArrayList.java:1511)
... Removed 18 stack frames</div></td></tr></table><p class="totop"><a href="#summary">back to summary</a></p>
<h3 id="m15">TestLayer.TimePageTest#validateClickOnTime</h3><table class="result"><tr><th>Exception</th></tr><tr><td><div class="stacktrace">java.lang.Throwable: Method TimePageTest.validateClickOnTime()[pri:1, instance:TestLayer.TimePageTest@12aba8be] depends on not successfully finished methods in group &quot;Leave&quot;
	at java.base/java.util.ArrayList.forEach(ArrayList.java:1511)
... Removed 18 stack frames</div></td></tr></table><p class="totop"><a href="#summary">back to summary</a></p>
</body>
</html>
